\BOOKMARK [0][-]{section*.2}{\376\377\144\130\000\040\211\201}{}% 1
\BOOKMARK [0][-]{section*.4}{Abstract}{}% 2
\BOOKMARK [0][-]{section*.5}{\376\377\166\356\000\040\137\125}{}% 3
\BOOKMARK [0][-]{section*.7}{\376\377\126\376\137\142\122\027\210\150}{}% 4
\BOOKMARK [0][-]{chapter.1}{\376\377\173\054\0001\172\340\000\040\000\040\176\352\213\272}{}% 5
\BOOKMARK [1][-]{section.1.1}{\376\377\0001\000.\0001\000\040\170\024\172\166\200\314\146\157\116\016\141\017\116\111}{chapter.1}% 6
\BOOKMARK [2][-]{subsection.1.1.1}{\376\377\0001\000.\0001\000.\0001\000\040\170\024\172\166\200\314\146\157}{section.1.1}% 7
\BOOKMARK [2][-]{subsection.1.1.2}{\376\377\0001\000.\0001\000.\0002\000\040\170\024\172\166\141\017\116\111}{section.1.1}% 8
\BOOKMARK [1][-]{section.1.2}{\376\377\0001\000.\0002\000\040\126\375\131\026\170\024\172\166\163\260\162\266}{chapter.1}% 9
\BOOKMARK [1][-]{section.1.3}{\376\377\0001\000.\0003\000\040\170\024\172\166\145\271\154\325}{chapter.1}% 10
\BOOKMARK [0][-]{chapter.2}{\376\377\173\054\0002\172\340\000\040\000\040\137\000\123\321\163\257\130\203\123\312\121\166\173\200\116\313}{}% 11
\BOOKMARK [1][-]{section.2.1}{\376\377\0002\000.\0001\000\040\137\000\123\321\163\257\130\203}{chapter.2}% 12
\BOOKMARK [1][-]{section.2.2}{\376\377\0002\000.\0002\000\040\137\000\123\321\163\257\130\203\173\200\116\313}{chapter.2}% 13
\BOOKMARK [0][-]{chapter.3}{\376\377\173\054\0003\172\340\000\040\000\040\165\253\140\305\145\160\143\156\166\204\203\267\123\326\116\016\133\130\120\250}{}% 14
\BOOKMARK [1][-]{section.3.1}{\376\377\0003\000.\0001\000\040\145\160\143\156\166\204\203\267\123\326}{chapter.3}% 15
\BOOKMARK [1][-]{section.3.2}{\376\377\0003\000.\0002\000\040\145\160\143\156\166\204\133\130\120\250}{chapter.3}% 16
\BOOKMARK [0][-]{chapter.4}{\376\377\173\054\0004\172\340\000\040\000\040\177\121\230\165\213\276\213\241}{}% 17
\BOOKMARK [1][-]{section.4.1}{\376\377\0004\000.\0001\000\040\116\073\230\165\377\010\000i\000n\000d\000e\000x\000.\000h\000t\000m\000l\377\011\166\204\213\276\213\241}{chapter.4}% 18
\BOOKMARK [1][-]{section.4.2}{\376\377\0004\000.\0002\000\040\145\160\143\156\123\357\211\306\123\026}{chapter.4}% 19
\BOOKMARK [1][-]{section.4.3}{\376\377\0004\000.\0003\000\040\133\371\142\113\147\072\213\276\131\007\166\204\220\002\221\115}{chapter.4}% 20
\BOOKMARK [0][-]{chapter.5}{\376\377\173\054\0005\172\340\000\040\000\040\176\323\213\272}{}% 21
\BOOKMARK [1][-]{section.5.1}{\376\377\0005\000.\0001\000\040\147\054\174\373\176\337\166\204\116\015\215\263\116\113\131\004}{chapter.5}% 22
\BOOKMARK [1][-]{section.5.2}{\376\377\0005\000.\0002\000\040\142\100\133\146\122\060\166\204\167\345\213\306}{chapter.5}% 23
\BOOKMARK [0][-]{appendix.A}{\376\377\226\104\137\125\000\040\000A\000\040\000\040\000P\000y\000t\000h\000o\000n\116\343\170\001}{}% 24
\BOOKMARK [1][-]{section.A.1}{\376\377\000A\000.\0001\000\040\000s\000p\000i\000d\000e\000r\000.\000p\000y\040\024\165\050\147\145\162\054\123\326\177\121\230\165\145\160\143\156}{appendix.A}% 25
\BOOKMARK [1][-]{section.A.2}{\376\377\000A\000.\0002\000\040\000u\000t\000i\000l\000s\000.\000p\000y\040\024\000a\000p\000p\000.\000p\000y\116\055\142\100\214\003\165\050\166\204\145\271\154\325}{appendix.A}% 26
\BOOKMARK [1][-]{section.A.3}{\376\377\000A\000.\0003\000\040\000a\000p\000p\000.\000p\000y\040\024\124\057\122\250\000F\000l\000a\000s\000k\166\204\116\073\172\013\136\217}{appendix.A}% 27
\BOOKMARK [0][-]{appendix.B}{\376\377\226\104\137\125\000\040\000B\000\040\000\040\177\121\230\165\116\343\170\001}{}% 28
\BOOKMARK [1][-]{section.B.1}{B.1\040index.html}{appendix.B}% 29
\BOOKMARK [1][-]{section.B.2}{B.2\040controller.js}{appendix.B}% 30
\BOOKMARK [1][-]{section.B.3}{B.3\040ec\040center.js}{appendix.B}% 31
\BOOKMARK [0][-]{section*.13}{\376\377\123\302\200\003\145\207\163\056}{}% 32
